{"/home/arivero/Workspaces/Estudio/Node/07-RESTWeb/src/app.ts": {"path":"/home/arivero/Workspaces/Estudio/Node/07-RESTWeb/src/app.ts","all":false,"statementMap":{"0":{"start":{"line":1,"column":0},"end":{"line":1,"column":37}},"1":{"start":{"line":2,"column":0},"end":{"line":2,"column":50}},"2":{"start":{"line":3,"column":0},"end":{"line":3,"column":47}},"3":{"start":{"line":4,"column":0},"end":{"line":4,"column":0}},"4":{"start":{"line":5,"column":0},"end":{"line":5,"column":23}},"5":{"start":{"line":6,"column":0},"end":{"line":6,"column":0}},"6":{"start":{"line":7,"column":0},"end":{"line":7,"column":17}},"7":{"start":{"line":8,"column":0},"end":{"line":8,"column":29}},"8":{"start":{"line":9,"column":0},"end":{"line":9,"column":20}},"9":{"start":{"line":10,"column":0},"end":{"line":10,"column":34}},"10":{"start":{"line":11,"column":0},"end":{"line":11,"column":29}},"11":{"start":{"line":12,"column":0},"end":{"line":12,"column":5}},"12":{"start":{"line":13,"column":0},"end":{"line":13,"column":17}},"13":{"start":{"line":14,"column":0},"end":{"line":14,"column":1}}},"s":{"0":1,"1":1,"2":1,"3":1,"4":1,"5":1,"6":1,"7":1,"8":1,"9":1,"10":1,"11":1,"12":1,"13":1},"branchMap":{"0":{"type":"branch","line":5,"loc":{"start":{"line":5,"column":1},"end":{"line":5,"column":20}},"locations":[{"start":{"line":5,"column":1},"end":{"line":5,"column":20}}]},"1":{"type":"branch","line":5,"loc":{"start":{"line":5,"column":12},"end":{"line":5,"column":20}},"locations":[{"start":{"line":5,"column":12},"end":{"line":5,"column":20}}]},"2":{"type":"branch","line":7,"loc":{"start":{"line":7,"column":0},"end":{"line":14,"column":1}},"locations":[{"start":{"line":7,"column":0},"end":{"line":14,"column":1}}]}},"b":{"0":[1],"1":[1],"2":[1]},"fnMap":{"0":{"name":"main","decl":{"start":{"line":7,"column":0},"end":{"line":14,"column":1}},"loc":{"start":{"line":7,"column":0},"end":{"line":14,"column":1}},"line":7}},"f":{"0":1}}
,"/home/arivero/Workspaces/Estudio/Node/07-RESTWeb/src/config/envs.ts": {"path":"/home/arivero/Workspaces/Estudio/Node/07-RESTWeb/src/config/envs.ts","all":false,"statementMap":{"0":{"start":{"line":1,"column":0},"end":{"line":1,"column":23}},"1":{"start":{"line":2,"column":0},"end":{"line":2,"column":0}},"2":{"start":{"line":3,"column":0},"end":{"line":3,"column":30}},"3":{"start":{"line":4,"column":0},"end":{"line":4,"column":0}},"4":{"start":{"line":5,"column":0},"end":{"line":5,"column":21}},"5":{"start":{"line":6,"column":0},"end":{"line":6,"column":46}},"6":{"start":{"line":7,"column":0},"end":{"line":7,"column":74}},"7":{"start":{"line":8,"column":0},"end":{"line":8,"column":2}}},"s":{"0":1,"1":1,"2":1,"3":1,"4":1,"5":1,"6":1,"7":1},"branchMap":{},"b":{},"fnMap":{},"f":{}}
,"/home/arivero/Workspaces/Estudio/Node/07-RESTWeb/src/data/postgres/index.ts": {"path":"/home/arivero/Workspaces/Estudio/Node/07-RESTWeb/src/data/postgres/index.ts","all":false,"statementMap":{"0":{"start":{"line":1,"column":0},"end":{"line":1,"column":46}},"1":{"start":{"line":2,"column":0},"end":{"line":2,"column":0}},"2":{"start":{"line":3,"column":0},"end":{"line":3,"column":41}}},"s":{"0":1,"1":1,"2":1},"branchMap":{},"b":{},"fnMap":{},"f":{}}
,"/home/arivero/Workspaces/Estudio/Node/07-RESTWeb/src/domain/ index.ts": {"path":"/home/arivero/Workspaces/Estudio/Node/07-RESTWeb/src/domain/ index.ts","all":false,"statementMap":{"0":{"start":{"line":1,"column":0},"end":{"line":1,"column":46}},"1":{"start":{"line":2,"column":0},"end":{"line":2,"column":23}},"2":{"start":{"line":3,"column":0},"end":{"line":3,"column":39}},"3":{"start":{"line":4,"column":0},"end":{"line":4,"column":47}},"4":{"start":{"line":5,"column":0},"end":{"line":5,"column":0}},"5":{"start":{"line":6,"column":0},"end":{"line":6,"column":38}},"6":{"start":{"line":7,"column":0},"end":{"line":7,"column":0}},"7":{"start":{"line":8,"column":0},"end":{"line":8,"column":45}},"8":{"start":{"line":9,"column":0},"end":{"line":9,"column":45}},"9":{"start":{"line":10,"column":0},"end":{"line":10,"column":42}},"10":{"start":{"line":11,"column":0},"end":{"line":11,"column":43}},"11":{"start":{"line":12,"column":0},"end":{"line":12,"column":45}}},"s":{"0":1,"1":1,"2":1,"3":1,"4":1,"5":1,"6":1,"7":1,"8":1,"9":1,"10":1,"11":1},"branchMap":{},"b":{},"fnMap":{},"f":{}}
,"/home/arivero/Workspaces/Estudio/Node/07-RESTWeb/src/domain/datasources/todo.datasource.ts": {"path":"/home/arivero/Workspaces/Estudio/Node/07-RESTWeb/src/domain/datasources/todo.datasource.ts","all":false,"statementMap":{"0":{"start":{"line":1,"column":0},"end":{"line":1,"column":55}},"1":{"start":{"line":2,"column":0},"end":{"line":2,"column":53}},"2":{"start":{"line":3,"column":0},"end":{"line":3,"column":0}},"3":{"start":{"line":4,"column":0},"end":{"line":4,"column":38}},"4":{"start":{"line":5,"column":0},"end":{"line":5,"column":69}},"5":{"start":{"line":6,"column":0},"end":{"line":6,"column":0}},"6":{"start":{"line":7,"column":0},"end":{"line":7,"column":43}},"7":{"start":{"line":8,"column":0},"end":{"line":8,"column":0}},"8":{"start":{"line":9,"column":0},"end":{"line":9,"column":53}},"9":{"start":{"line":10,"column":0},"end":{"line":10,"column":0}},"10":{"start":{"line":11,"column":0},"end":{"line":11,"column":69}},"11":{"start":{"line":12,"column":0},"end":{"line":12,"column":0}},"12":{"start":{"line":13,"column":0},"end":{"line":13,"column":51}},"13":{"start":{"line":14,"column":0},"end":{"line":14,"column":1}}},"s":{"0":1,"1":1,"2":1,"3":1,"4":1,"5":1,"6":1,"7":1,"8":1,"9":1,"10":1,"11":1,"12":1,"13":1},"branchMap":{},"b":{},"fnMap":{},"f":{}}
,"/home/arivero/Workspaces/Estudio/Node/07-RESTWeb/src/domain/dtos/index.ts": {"path":"/home/arivero/Workspaces/Estudio/Node/07-RESTWeb/src/domain/dtos/index.ts","all":false,"statementMap":{"0":{"start":{"line":1,"column":0},"end":{"line":1,"column":40}},"1":{"start":{"line":2,"column":0},"end":{"line":2,"column":40}}},"s":{"0":1,"1":1},"branchMap":{},"b":{},"fnMap":{},"f":{}}
,"/home/arivero/Workspaces/Estudio/Node/07-RESTWeb/src/domain/dtos/todos/create-todo.dto.ts": {"path":"/home/arivero/Workspaces/Estudio/Node/07-RESTWeb/src/domain/dtos/todos/create-todo.dto.ts","all":false,"statementMap":{"0":{"start":{"line":1,"column":0},"end":{"line":1,"column":28}},"1":{"start":{"line":2,"column":0},"end":{"line":2,"column":46}},"2":{"start":{"line":3,"column":0},"end":{"line":3,"column":0}},"3":{"start":{"line":4,"column":0},"end":{"line":4,"column":75}},"4":{"start":{"line":5,"column":0},"end":{"line":5,"column":27}},"5":{"start":{"line":6,"column":0},"end":{"line":6,"column":37}},"6":{"start":{"line":7,"column":0},"end":{"line":7,"column":43}},"7":{"start":{"line":8,"column":0},"end":{"line":8,"column":5}},"8":{"start":{"line":9,"column":0},"end":{"line":9,"column":48}},"9":{"start":{"line":10,"column":0},"end":{"line":10,"column":3}},"10":{"start":{"line":11,"column":0},"end":{"line":11,"column":1}}},"s":{"0":1,"1":1,"2":1,"3":1,"4":3,"5":3,"6":2,"7":2,"8":1,"9":1,"10":1},"branchMap":{"0":{"type":"branch","line":2,"loc":{"start":{"line":2,"column":2},"end":{"line":2,"column":46}},"locations":[{"start":{"line":2,"column":2},"end":{"line":2,"column":46}}]},"1":{"type":"branch","line":4,"loc":{"start":{"line":4,"column":9},"end":{"line":10,"column":3}},"locations":[{"start":{"line":4,"column":9},"end":{"line":10,"column":3}}]},"2":{"type":"branch","line":6,"loc":{"start":{"line":6,"column":13},"end":{"line":6,"column":34}},"locations":[{"start":{"line":6,"column":13},"end":{"line":6,"column":34}}]},"3":{"type":"branch","line":6,"loc":{"start":{"line":6,"column":36},"end":{"line":8,"column":5}},"locations":[{"start":{"line":6,"column":36},"end":{"line":8,"column":5}}]},"4":{"type":"branch","line":9,"loc":{"start":{"line":9,"column":-1},"end":{"line":10,"column":3}},"locations":[{"start":{"line":9,"column":-1},"end":{"line":10,"column":3}}]}},"b":{"0":[1],"1":[3],"2":[1],"3":[2],"4":[1]},"fnMap":{"0":{"name":"CreateTodoDTO","decl":{"start":{"line":2,"column":2},"end":{"line":2,"column":46}},"loc":{"start":{"line":2,"column":2},"end":{"line":2,"column":46}},"line":2},"1":{"name":"create","decl":{"start":{"line":4,"column":9},"end":{"line":10,"column":3}},"loc":{"start":{"line":4,"column":9},"end":{"line":10,"column":3}},"line":4}},"f":{"0":1,"1":3}}
,"/home/arivero/Workspaces/Estudio/Node/07-RESTWeb/src/domain/dtos/todos/update-todo.dto.ts": {"path":"/home/arivero/Workspaces/Estudio/Node/07-RESTWeb/src/domain/dtos/todos/update-todo.dto.ts","all":false,"statementMap":{"0":{"start":{"line":1,"column":0},"end":{"line":1,"column":28}},"1":{"start":{"line":2,"column":0},"end":{"line":2,"column":14}},"2":{"start":{"line":3,"column":0},"end":{"line":3,"column":31}},"3":{"start":{"line":4,"column":0},"end":{"line":4,"column":34}},"4":{"start":{"line":5,"column":0},"end":{"line":5,"column":38}},"5":{"start":{"line":6,"column":0},"end":{"line":6,"column":6}},"6":{"start":{"line":7,"column":0},"end":{"line":7,"column":0}},"7":{"start":{"line":8,"column":0},"end":{"line":8,"column":16}},"8":{"start":{"line":9,"column":0},"end":{"line":9,"column":49}},"9":{"start":{"line":10,"column":0},"end":{"line":10,"column":0}},"10":{"start":{"line":11,"column":0},"end":{"line":11,"column":46}},"11":{"start":{"line":12,"column":0},"end":{"line":12,"column":77}},"12":{"start":{"line":13,"column":0},"end":{"line":13,"column":21}},"13":{"start":{"line":14,"column":0},"end":{"line":14,"column":3}},"14":{"start":{"line":15,"column":0},"end":{"line":15,"column":0}},"15":{"start":{"line":16,"column":0},"end":{"line":16,"column":75}},"16":{"start":{"line":17,"column":0},"end":{"line":17,"column":44}},"17":{"start":{"line":18,"column":0},"end":{"line":18,"column":0}},"18":{"start":{"line":19,"column":0},"end":{"line":19,"column":35}},"19":{"start":{"line":20,"column":0},"end":{"line":20,"column":43}},"20":{"start":{"line":21,"column":0},"end":{"line":21,"column":5}},"21":{"start":{"line":22,"column":0},"end":{"line":22,"column":0}},"22":{"start":{"line":23,"column":0},"end":{"line":23,"column":38}},"23":{"start":{"line":24,"column":0},"end":{"line":24,"column":0}},"24":{"start":{"line":25,"column":0},"end":{"line":25,"column":22}},"25":{"start":{"line":26,"column":0},"end":{"line":26,"column":46}},"26":{"start":{"line":27,"column":0},"end":{"line":27,"column":58}},"27":{"start":{"line":28,"column":0},"end":{"line":28,"column":63}},"28":{"start":{"line":29,"column":0},"end":{"line":29,"column":7}},"29":{"start":{"line":30,"column":0},"end":{"line":30,"column":5}},"30":{"start":{"line":31,"column":0},"end":{"line":31,"column":65}},"31":{"start":{"line":32,"column":0},"end":{"line":32,"column":3}},"32":{"start":{"line":33,"column":0},"end":{"line":33,"column":1}}},"s":{"0":1,"1":1,"2":3,"3":3,"4":3,"5":3,"6":1,"7":1,"8":2,"9":2,"10":2,"11":2,"12":2,"13":2,"14":1,"15":1,"16":3,"17":3,"18":3,"19":0,"20":0,"21":3,"22":3,"23":3,"24":3,"25":3,"26":3,"27":0,"28":0,"29":3,"30":3,"31":3,"32":1},"branchMap":{"0":{"type":"branch","line":2,"loc":{"start":{"line":2,"column":2},"end":{"line":6,"column":6}},"locations":[{"start":{"line":2,"column":2},"end":{"line":6,"column":6}}]},"1":{"type":"branch","line":8,"loc":{"start":{"line":8,"column":2},"end":{"line":14,"column":3}},"locations":[{"start":{"line":8,"column":2},"end":{"line":14,"column":3}}]},"2":{"type":"branch","line":11,"loc":{"start":{"line":11,"column":19},"end":{"line":11,"column":46}},"locations":[{"start":{"line":11,"column":19},"end":{"line":11,"column":46}}]},"3":{"type":"branch","line":16,"loc":{"start":{"line":16,"column":9},"end":{"line":32,"column":3}},"locations":[{"start":{"line":16,"column":9},"end":{"line":32,"column":3}}]},"4":{"type":"branch","line":19,"loc":{"start":{"line":19,"column":34},"end":{"line":21,"column":5}},"locations":[{"start":{"line":19,"column":34},"end":{"line":21,"column":5}}]},"5":{"type":"branch","line":27,"loc":{"start":{"line":27,"column":57},"end":{"line":29,"column":7}},"locations":[{"start":{"line":27,"column":57},"end":{"line":29,"column":7}}]}},"b":{"0":[3],"1":[2],"2":[1],"3":[3],"4":[0],"5":[0]},"fnMap":{"0":{"name":"UpdateTodoDTO","decl":{"start":{"line":2,"column":2},"end":{"line":6,"column":6}},"loc":{"start":{"line":2,"column":2},"end":{"line":6,"column":6}},"line":2},"1":{"name":"get values","decl":{"start":{"line":8,"column":2},"end":{"line":14,"column":3}},"loc":{"start":{"line":8,"column":2},"end":{"line":14,"column":3}},"line":8},"2":{"name":"create","decl":{"start":{"line":16,"column":9},"end":{"line":32,"column":3}},"loc":{"start":{"line":16,"column":9},"end":{"line":32,"column":3}},"line":16}},"f":{"0":3,"1":2,"2":3}}
,"/home/arivero/Workspaces/Estudio/Node/07-RESTWeb/src/domain/entities/todo.entity.ts": {"path":"/home/arivero/Workspaces/Estudio/Node/07-RESTWeb/src/domain/entities/todo.entity.ts","all":false,"statementMap":{"0":{"start":{"line":1,"column":0},"end":{"line":1,"column":25}},"1":{"start":{"line":2,"column":0},"end":{"line":2,"column":14}},"2":{"start":{"line":3,"column":0},"end":{"line":3,"column":22}},"3":{"start":{"line":4,"column":0},"end":{"line":4,"column":24}},"4":{"start":{"line":5,"column":0},"end":{"line":5,"column":36}},"5":{"start":{"line":6,"column":0},"end":{"line":6,"column":6}},"6":{"start":{"line":7,"column":0},"end":{"line":7,"column":0}},"7":{"start":{"line":8,"column":0},"end":{"line":8,"column":21}},"8":{"start":{"line":9,"column":0},"end":{"line":9,"column":30}},"9":{"start":{"line":10,"column":0},"end":{"line":10,"column":3}},"10":{"start":{"line":11,"column":0},"end":{"line":11,"column":0}},"11":{"start":{"line":12,"column":0},"end":{"line":12,"column":72}},"12":{"start":{"line":13,"column":0},"end":{"line":13,"column":45}},"13":{"start":{"line":14,"column":0},"end":{"line":14,"column":36}},"14":{"start":{"line":15,"column":0},"end":{"line":15,"column":39}},"15":{"start":{"line":16,"column":0},"end":{"line":16,"column":0}},"16":{"start":{"line":17,"column":0},"end":{"line":17,"column":26}},"17":{"start":{"line":18,"column":0},"end":{"line":18,"column":0}},"18":{"start":{"line":19,"column":0},"end":{"line":19,"column":22}},"19":{"start":{"line":20,"column":0},"end":{"line":20,"column":48}},"20":{"start":{"line":21,"column":0},"end":{"line":21,"column":47}},"21":{"start":{"line":22,"column":0},"end":{"line":22,"column":48}},"22":{"start":{"line":23,"column":0},"end":{"line":23,"column":7}},"23":{"start":{"line":24,"column":0},"end":{"line":24,"column":5}},"24":{"start":{"line":25,"column":0},"end":{"line":25,"column":0}},"25":{"start":{"line":26,"column":0},"end":{"line":26,"column":49}},"26":{"start":{"line":27,"column":0},"end":{"line":27,"column":3}},"27":{"start":{"line":28,"column":0},"end":{"line":28,"column":1}}},"s":{"0":1,"1":1,"2":10,"3":10,"4":10,"5":10,"6":1,"7":1,"8":0,"9":0,"10":1,"11":1,"12":10,"13":10,"14":10,"15":10,"16":10,"17":10,"18":10,"19":2,"20":2,"21":0,"22":0,"23":2,"24":10,"25":10,"26":10,"27":1},"branchMap":{"0":{"type":"branch","line":2,"loc":{"start":{"line":2,"column":2},"end":{"line":6,"column":6}},"locations":[{"start":{"line":2,"column":2},"end":{"line":6,"column":6}}]},"1":{"type":"branch","line":12,"loc":{"start":{"line":12,"column":16},"end":{"line":27,"column":3}},"locations":[{"start":{"line":12,"column":16},"end":{"line":27,"column":3}}]},"2":{"type":"branch","line":14,"loc":{"start":{"line":14,"column":13},"end":{"line":14,"column":36}},"locations":[{"start":{"line":14,"column":13},"end":{"line":14,"column":36}}]},"3":{"type":"branch","line":15,"loc":{"start":{"line":15,"column":15},"end":{"line":15,"column":39}},"locations":[{"start":{"line":15,"column":15},"end":{"line":15,"column":39}}]},"4":{"type":"branch","line":19,"loc":{"start":{"line":19,"column":21},"end":{"line":24,"column":5}},"locations":[{"start":{"line":19,"column":21},"end":{"line":24,"column":5}}]},"5":{"type":"branch","line":21,"loc":{"start":{"line":21,"column":46},"end":{"line":23,"column":7}},"locations":[{"start":{"line":21,"column":46},"end":{"line":23,"column":7}}]}},"b":{"0":[10],"1":[10],"2":[0],"3":[0],"4":[2],"5":[0]},"fnMap":{"0":{"name":"TodoEntity","decl":{"start":{"line":2,"column":2},"end":{"line":6,"column":6}},"loc":{"start":{"line":2,"column":2},"end":{"line":6,"column":6}},"line":2},"1":{"name":"get isCompleted","decl":{"start":{"line":8,"column":2},"end":{"line":10,"column":3}},"loc":{"start":{"line":8,"column":2},"end":{"line":10,"column":3}},"line":8},"2":{"name":"fromObject","decl":{"start":{"line":12,"column":16},"end":{"line":27,"column":3}},"loc":{"start":{"line":12,"column":16},"end":{"line":27,"column":3}},"line":12}},"f":{"0":10,"1":0,"2":10}}
,"/home/arivero/Workspaces/Estudio/Node/07-RESTWeb/src/domain/errors/custom.error.ts": {"path":"/home/arivero/Workspaces/Estudio/Node/07-RESTWeb/src/domain/errors/custom.error.ts","all":false,"statementMap":{"0":{"start":{"line":1,"column":0},"end":{"line":1,"column":40}},"1":{"start":{"line":2,"column":0},"end":{"line":2,"column":14}},"2":{"start":{"line":3,"column":0},"end":{"line":3,"column":36}},"3":{"start":{"line":4,"column":0},"end":{"line":4,"column":44}},"4":{"start":{"line":5,"column":0},"end":{"line":5,"column":5}},"5":{"start":{"line":6,"column":0},"end":{"line":6,"column":19}},"6":{"start":{"line":7,"column":0},"end":{"line":7,"column":3}},"7":{"start":{"line":8,"column":0},"end":{"line":8,"column":1}}},"s":{"0":1,"1":1,"2":3,"3":3,"4":3,"5":3,"6":3,"7":1},"branchMap":{"0":{"type":"branch","line":2,"loc":{"start":{"line":2,"column":2},"end":{"line":7,"column":3}},"locations":[{"start":{"line":2,"column":2},"end":{"line":7,"column":3}}]}},"b":{"0":[3]},"fnMap":{"0":{"name":"CustomError","decl":{"start":{"line":2,"column":2},"end":{"line":7,"column":3}},"loc":{"start":{"line":2,"column":2},"end":{"line":7,"column":3}},"line":2}},"f":{"0":3}}
,"/home/arivero/Workspaces/Estudio/Node/07-RESTWeb/src/domain/repositories/todo.repository.ts": {"path":"/home/arivero/Workspaces/Estudio/Node/07-RESTWeb/src/domain/repositories/todo.repository.ts","all":false,"statementMap":{"0":{"start":{"line":1,"column":0},"end":{"line":1,"column":55}},"1":{"start":{"line":2,"column":0},"end":{"line":2,"column":53}},"2":{"start":{"line":3,"column":0},"end":{"line":3,"column":0}},"3":{"start":{"line":4,"column":0},"end":{"line":4,"column":38}},"4":{"start":{"line":5,"column":0},"end":{"line":5,"column":69}},"5":{"start":{"line":6,"column":0},"end":{"line":6,"column":0}},"6":{"start":{"line":7,"column":0},"end":{"line":7,"column":43}},"7":{"start":{"line":8,"column":0},"end":{"line":8,"column":0}},"8":{"start":{"line":9,"column":0},"end":{"line":9,"column":53}},"9":{"start":{"line":10,"column":0},"end":{"line":10,"column":0}},"10":{"start":{"line":11,"column":0},"end":{"line":11,"column":73}},"11":{"start":{"line":12,"column":0},"end":{"line":12,"column":0}},"12":{"start":{"line":13,"column":0},"end":{"line":13,"column":55}},"13":{"start":{"line":14,"column":0},"end":{"line":14,"column":1}}},"s":{"0":1,"1":1,"2":1,"3":1,"4":1,"5":1,"6":1,"7":1,"8":1,"9":1,"10":1,"11":1,"12":1,"13":1},"branchMap":{},"b":{},"fnMap":{},"f":{}}
,"/home/arivero/Workspaces/Estudio/Node/07-RESTWeb/src/domain/use-cases/todo/create-todo.ts": {"path":"/home/arivero/Workspaces/Estudio/Node/07-RESTWeb/src/domain/use-cases/todo/create-todo.ts","all":false,"statementMap":{"0":{"start":{"line":1,"column":0},"end":{"line":1,"column":73}},"1":{"start":{"line":2,"column":0},"end":{"line":2,"column":0}},"2":{"start":{"line":3,"column":0},"end":{"line":3,"column":36}},"3":{"start":{"line":4,"column":0},"end":{"line":4,"column":51}},"4":{"start":{"line":5,"column":0},"end":{"line":5,"column":1}},"5":{"start":{"line":6,"column":0},"end":{"line":6,"column":0}},"6":{"start":{"line":7,"column":0},"end":{"line":7,"column":54}},"7":{"start":{"line":8,"column":0},"end":{"line":8,"column":61}},"8":{"start":{"line":9,"column":0},"end":{"line":9,"column":0}},"9":{"start":{"line":10,"column":0},"end":{"line":10,"column":52}},"10":{"start":{"line":11,"column":0},"end":{"line":11,"column":39}},"11":{"start":{"line":12,"column":0},"end":{"line":12,"column":3}},"12":{"start":{"line":13,"column":0},"end":{"line":13,"column":1}}},"s":{"0":1,"1":1,"2":1,"3":1,"4":1,"5":1,"6":1,"7":1,"8":1,"9":1,"10":1,"11":1,"12":1},"branchMap":{"0":{"type":"branch","line":8,"loc":{"start":{"line":8,"column":2},"end":{"line":8,"column":61}},"locations":[{"start":{"line":8,"column":2},"end":{"line":8,"column":61}}]},"1":{"type":"branch","line":10,"loc":{"start":{"line":10,"column":2},"end":{"line":12,"column":3}},"locations":[{"start":{"line":10,"column":2},"end":{"line":12,"column":3}}]}},"b":{"0":[1],"1":[1]},"fnMap":{"0":{"name":"CreateTodo","decl":{"start":{"line":8,"column":2},"end":{"line":8,"column":61}},"loc":{"start":{"line":8,"column":2},"end":{"line":8,"column":61}},"line":8},"1":{"name":"execute","decl":{"start":{"line":10,"column":2},"end":{"line":12,"column":3}},"loc":{"start":{"line":10,"column":2},"end":{"line":12,"column":3}},"line":10}},"f":{"0":1,"1":1}}
,"/home/arivero/Workspaces/Estudio/Node/07-RESTWeb/src/domain/use-cases/todo/delete-todo.ts": {"path":"/home/arivero/Workspaces/Estudio/Node/07-RESTWeb/src/domain/use-cases/todo/delete-todo.ts","all":false,"statementMap":{"0":{"start":{"line":1,"column":0},"end":{"line":1,"column":58}},"1":{"start":{"line":2,"column":0},"end":{"line":2,"column":0}},"2":{"start":{"line":3,"column":0},"end":{"line":3,"column":36}},"3":{"start":{"line":4,"column":0},"end":{"line":4,"column":43}},"4":{"start":{"line":5,"column":0},"end":{"line":5,"column":1}},"5":{"start":{"line":6,"column":0},"end":{"line":6,"column":0}},"6":{"start":{"line":7,"column":0},"end":{"line":7,"column":54}},"7":{"start":{"line":8,"column":0},"end":{"line":8,"column":61}},"8":{"start":{"line":9,"column":0},"end":{"line":9,"column":0}},"9":{"start":{"line":10,"column":0},"end":{"line":10,"column":44}},"10":{"start":{"line":11,"column":0},"end":{"line":11,"column":42}},"11":{"start":{"line":12,"column":0},"end":{"line":12,"column":3}},"12":{"start":{"line":13,"column":0},"end":{"line":13,"column":1}}},"s":{"0":1,"1":1,"2":1,"3":1,"4":1,"5":1,"6":1,"7":1,"8":1,"9":1,"10":2,"11":2,"12":1},"branchMap":{"0":{"type":"branch","line":8,"loc":{"start":{"line":8,"column":2},"end":{"line":8,"column":61}},"locations":[{"start":{"line":8,"column":2},"end":{"line":8,"column":61}}]},"1":{"type":"branch","line":10,"loc":{"start":{"line":10,"column":2},"end":{"line":12,"column":3}},"locations":[{"start":{"line":10,"column":2},"end":{"line":12,"column":3}}]}},"b":{"0":[2],"1":[2]},"fnMap":{"0":{"name":"DeleteTodo","decl":{"start":{"line":8,"column":2},"end":{"line":8,"column":61}},"loc":{"start":{"line":8,"column":2},"end":{"line":8,"column":61}},"line":8},"1":{"name":"execute","decl":{"start":{"line":10,"column":2},"end":{"line":12,"column":3}},"loc":{"start":{"line":10,"column":2},"end":{"line":12,"column":3}},"line":10}},"f":{"0":2,"1":2}}
,"/home/arivero/Workspaces/Estudio/Node/07-RESTWeb/src/domain/use-cases/todo/get-todo.ts": {"path":"/home/arivero/Workspaces/Estudio/Node/07-RESTWeb/src/domain/use-cases/todo/get-todo.ts","all":false,"statementMap":{"0":{"start":{"line":1,"column":0},"end":{"line":1,"column":58}},"1":{"start":{"line":2,"column":0},"end":{"line":2,"column":0}},"2":{"start":{"line":3,"column":0},"end":{"line":3,"column":33}},"3":{"start":{"line":4,"column":0},"end":{"line":4,"column":43}},"4":{"start":{"line":5,"column":0},"end":{"line":5,"column":1}},"5":{"start":{"line":6,"column":0},"end":{"line":6,"column":0}},"6":{"start":{"line":7,"column":0},"end":{"line":7,"column":48}},"7":{"start":{"line":8,"column":0},"end":{"line":8,"column":61}},"8":{"start":{"line":9,"column":0},"end":{"line":9,"column":0}},"9":{"start":{"line":10,"column":0},"end":{"line":10,"column":44}},"10":{"start":{"line":11,"column":0},"end":{"line":11,"column":40}},"11":{"start":{"line":12,"column":0},"end":{"line":12,"column":3}},"12":{"start":{"line":13,"column":0},"end":{"line":13,"column":1}}},"s":{"0":1,"1":1,"2":1,"3":1,"4":1,"5":1,"6":1,"7":1,"8":1,"9":1,"10":2,"11":2,"12":1},"branchMap":{"0":{"type":"branch","line":8,"loc":{"start":{"line":8,"column":2},"end":{"line":8,"column":61}},"locations":[{"start":{"line":8,"column":2},"end":{"line":8,"column":61}}]},"1":{"type":"branch","line":10,"loc":{"start":{"line":10,"column":2},"end":{"line":12,"column":3}},"locations":[{"start":{"line":10,"column":2},"end":{"line":12,"column":3}}]}},"b":{"0":[2],"1":[2]},"fnMap":{"0":{"name":"GetTodo","decl":{"start":{"line":8,"column":2},"end":{"line":8,"column":61}},"loc":{"start":{"line":8,"column":2},"end":{"line":8,"column":61}},"line":8},"1":{"name":"execute","decl":{"start":{"line":10,"column":2},"end":{"line":12,"column":3}},"loc":{"start":{"line":10,"column":2},"end":{"line":12,"column":3}},"line":10}},"f":{"0":2,"1":2}}
,"/home/arivero/Workspaces/Estudio/Node/07-RESTWeb/src/domain/use-cases/todo/get-todos.ts": {"path":"/home/arivero/Workspaces/Estudio/Node/07-RESTWeb/src/domain/use-cases/todo/get-todos.ts","all":false,"statementMap":{"0":{"start":{"line":1,"column":0},"end":{"line":1,"column":58}},"1":{"start":{"line":2,"column":0},"end":{"line":2,"column":0}},"2":{"start":{"line":3,"column":0},"end":{"line":3,"column":34}},"3":{"start":{"line":4,"column":0},"end":{"line":4,"column":35}},"4":{"start":{"line":5,"column":0},"end":{"line":5,"column":1}},"5":{"start":{"line":6,"column":0},"end":{"line":6,"column":0}},"6":{"start":{"line":7,"column":0},"end":{"line":7,"column":50}},"7":{"start":{"line":8,"column":0},"end":{"line":8,"column":61}},"8":{"start":{"line":9,"column":0},"end":{"line":9,"column":0}},"9":{"start":{"line":10,"column":0},"end":{"line":10,"column":36}},"10":{"start":{"line":11,"column":0},"end":{"line":11,"column":36}},"11":{"start":{"line":12,"column":0},"end":{"line":12,"column":3}},"12":{"start":{"line":13,"column":0},"end":{"line":13,"column":1}}},"s":{"0":1,"1":1,"2":1,"3":1,"4":1,"5":1,"6":1,"7":1,"8":1,"9":1,"10":1,"11":1,"12":1},"branchMap":{"0":{"type":"branch","line":8,"loc":{"start":{"line":8,"column":2},"end":{"line":8,"column":61}},"locations":[{"start":{"line":8,"column":2},"end":{"line":8,"column":61}}]},"1":{"type":"branch","line":10,"loc":{"start":{"line":10,"column":2},"end":{"line":12,"column":3}},"locations":[{"start":{"line":10,"column":2},"end":{"line":12,"column":3}}]}},"b":{"0":[1],"1":[1]},"fnMap":{"0":{"name":"GetTodos","decl":{"start":{"line":8,"column":2},"end":{"line":8,"column":61}},"loc":{"start":{"line":8,"column":2},"end":{"line":8,"column":61}},"line":8},"1":{"name":"execute","decl":{"start":{"line":10,"column":2},"end":{"line":12,"column":3}},"loc":{"start":{"line":10,"column":2},"end":{"line":12,"column":3}},"line":10}},"f":{"0":1,"1":1}}
,"/home/arivero/Workspaces/Estudio/Node/07-RESTWeb/src/domain/use-cases/todo/update-todo.ts": {"path":"/home/arivero/Workspaces/Estudio/Node/07-RESTWeb/src/domain/use-cases/todo/update-todo.ts","all":false,"statementMap":{"0":{"start":{"line":1,"column":0},"end":{"line":1,"column":73}},"1":{"start":{"line":2,"column":0},"end":{"line":2,"column":0}},"2":{"start":{"line":3,"column":0},"end":{"line":3,"column":36}},"3":{"start":{"line":4,"column":0},"end":{"line":4,"column":51}},"4":{"start":{"line":5,"column":0},"end":{"line":5,"column":1}},"5":{"start":{"line":6,"column":0},"end":{"line":6,"column":0}},"6":{"start":{"line":7,"column":0},"end":{"line":7,"column":54}},"7":{"start":{"line":8,"column":0},"end":{"line":8,"column":61}},"8":{"start":{"line":9,"column":0},"end":{"line":9,"column":0}},"9":{"start":{"line":10,"column":0},"end":{"line":10,"column":52}},"10":{"start":{"line":11,"column":0},"end":{"line":11,"column":43}},"11":{"start":{"line":12,"column":0},"end":{"line":12,"column":3}},"12":{"start":{"line":13,"column":0},"end":{"line":13,"column":1}}},"s":{"0":1,"1":1,"2":1,"3":1,"4":1,"5":1,"6":1,"7":1,"8":1,"9":1,"10":3,"11":3,"12":1},"branchMap":{"0":{"type":"branch","line":8,"loc":{"start":{"line":8,"column":2},"end":{"line":8,"column":61}},"locations":[{"start":{"line":8,"column":2},"end":{"line":8,"column":61}}]},"1":{"type":"branch","line":10,"loc":{"start":{"line":10,"column":2},"end":{"line":12,"column":3}},"locations":[{"start":{"line":10,"column":2},"end":{"line":12,"column":3}}]}},"b":{"0":[3],"1":[3]},"fnMap":{"0":{"name":"UpdateTodo","decl":{"start":{"line":8,"column":2},"end":{"line":8,"column":61}},"loc":{"start":{"line":8,"column":2},"end":{"line":8,"column":61}},"line":8},"1":{"name":"execute","decl":{"start":{"line":10,"column":2},"end":{"line":12,"column":3}},"loc":{"start":{"line":10,"column":2},"end":{"line":12,"column":3}},"line":10}},"f":{"0":3,"1":3}}
,"/home/arivero/Workspaces/Estudio/Node/07-RESTWeb/src/infraestructure/datasource/todo.datasource.impl.ts": {"path":"/home/arivero/Workspaces/Estudio/Node/07-RESTWeb/src/infraestructure/datasource/todo.datasource.impl.ts","all":false,"statementMap":{"0":{"start":{"line":1,"column":0},"end":{"line":1,"column":45}},"1":{"start":{"line":2,"column":0},"end":{"line":2,"column":8}},"2":{"start":{"line":3,"column":0},"end":{"line":3,"column":16}},"3":{"start":{"line":4,"column":0},"end":{"line":4,"column":14}},"4":{"start":{"line":5,"column":0},"end":{"line":5,"column":17}},"5":{"start":{"line":6,"column":0},"end":{"line":6,"column":13}},"6":{"start":{"line":7,"column":0},"end":{"line":7,"column":16}},"7":{"start":{"line":8,"column":0},"end":{"line":8,"column":29}},"8":{"start":{"line":9,"column":0},"end":{"line":9,"column":0}},"9":{"start":{"line":10,"column":0},"end":{"line":10,"column":59}},"10":{"start":{"line":11,"column":0},"end":{"line":11,"column":67}},"11":{"start":{"line":12,"column":0},"end":{"line":12,"column":67}},"12":{"start":{"line":13,"column":0},"end":{"line":13,"column":39}},"13":{"start":{"line":14,"column":0},"end":{"line":14,"column":3}},"14":{"start":{"line":15,"column":0},"end":{"line":15,"column":41}},"15":{"start":{"line":16,"column":0},"end":{"line":16,"column":47}},"16":{"start":{"line":17,"column":0},"end":{"line":17,"column":44}},"17":{"start":{"line":18,"column":0},"end":{"line":18,"column":3}},"18":{"start":{"line":19,"column":0},"end":{"line":19,"column":51}},"19":{"start":{"line":20,"column":0},"end":{"line":20,"column":69}},"20":{"start":{"line":21,"column":0},"end":{"line":21,"column":74}},"21":{"start":{"line":22,"column":0},"end":{"line":22,"column":39}},"22":{"start":{"line":23,"column":0},"end":{"line":23,"column":3}},"23":{"start":{"line":24,"column":0},"end":{"line":24,"column":67}},"24":{"start":{"line":25,"column":0},"end":{"line":25,"column":42}},"25":{"start":{"line":26,"column":0},"end":{"line":26,"column":0}},"26":{"start":{"line":27,"column":0},"end":{"line":27,"column":50}},"27":{"start":{"line":28,"column":0},"end":{"line":28,"column":38}},"28":{"start":{"line":29,"column":0},"end":{"line":29,"column":34}},"29":{"start":{"line":30,"column":0},"end":{"line":30,"column":7}},"30":{"start":{"line":31,"column":0},"end":{"line":31,"column":0}},"31":{"start":{"line":32,"column":0},"end":{"line":32,"column":46}},"32":{"start":{"line":33,"column":0},"end":{"line":33,"column":3}},"33":{"start":{"line":34,"column":0},"end":{"line":34,"column":0}},"34":{"start":{"line":35,"column":0},"end":{"line":35,"column":49}},"35":{"start":{"line":36,"column":0},"end":{"line":36,"column":28}},"36":{"start":{"line":37,"column":0},"end":{"line":37,"column":64}},"37":{"start":{"line":38,"column":0},"end":{"line":38,"column":42}},"38":{"start":{"line":39,"column":0},"end":{"line":39,"column":3}},"39":{"start":{"line":40,"column":0},"end":{"line":40,"column":1}}},"s":{"0":1,"1":1,"2":1,"3":1,"4":1,"5":1,"6":1,"7":1,"8":1,"9":1,"10":1,"11":1,"12":1,"13":1,"14":1,"15":1,"16":1,"17":1,"18":1,"19":7,"20":7,"21":4,"22":4,"23":1,"24":3,"25":2,"26":2,"27":2,"28":2,"29":2,"30":2,"31":2,"32":2,"33":1,"34":1,"35":2,"36":1,"37":1,"38":1,"39":1},"branchMap":{"0":{"type":"branch","line":11,"loc":{"start":{"line":11,"column":8},"end":{"line":14,"column":3}},"locations":[{"start":{"line":11,"column":8},"end":{"line":14,"column":3}}]},"1":{"type":"branch","line":15,"loc":{"start":{"line":15,"column":8},"end":{"line":18,"column":3}},"locations":[{"start":{"line":15,"column":8},"end":{"line":18,"column":3}}]},"2":{"type":"branch","line":19,"loc":{"start":{"line":19,"column":8},"end":{"line":23,"column":3}},"locations":[{"start":{"line":19,"column":8},"end":{"line":23,"column":3}}]},"3":{"type":"branch","line":21,"loc":{"start":{"line":21,"column":15},"end":{"line":21,"column":74}},"locations":[{"start":{"line":21,"column":15},"end":{"line":21,"column":74}}]},"4":{"type":"branch","line":22,"loc":{"start":{"line":22,"column":-1},"end":{"line":23,"column":3}},"locations":[{"start":{"line":22,"column":-1},"end":{"line":23,"column":3}}]},"5":{"type":"branch","line":24,"loc":{"start":{"line":24,"column":8},"end":{"line":33,"column":3}},"locations":[{"start":{"line":24,"column":8},"end":{"line":33,"column":3}}]},"6":{"type":"branch","line":26,"loc":{"start":{"line":26,"column":-1},"end":{"line":33,"column":3}},"locations":[{"start":{"line":26,"column":-1},"end":{"line":33,"column":3}}]},"7":{"type":"branch","line":35,"loc":{"start":{"line":35,"column":8},"end":{"line":39,"column":3}},"locations":[{"start":{"line":35,"column":8},"end":{"line":39,"column":3}}]},"8":{"type":"branch","line":37,"loc":{"start":{"line":37,"column":-1},"end":{"line":39,"column":3}},"locations":[{"start":{"line":37,"column":-1},"end":{"line":39,"column":3}}]}},"b":{"0":[1],"1":[1],"2":[7],"3":[3],"4":[4],"5":[3],"6":[2],"7":[2],"8":[1]},"fnMap":{"0":{"name":"create","decl":{"start":{"line":11,"column":8},"end":{"line":14,"column":3}},"loc":{"start":{"line":11,"column":8},"end":{"line":14,"column":3}},"line":11},"1":{"name":"getAll","decl":{"start":{"line":15,"column":8},"end":{"line":18,"column":3}},"loc":{"start":{"line":15,"column":8},"end":{"line":18,"column":3}},"line":15},"2":{"name":"findById","decl":{"start":{"line":19,"column":8},"end":{"line":23,"column":3}},"loc":{"start":{"line":19,"column":8},"end":{"line":23,"column":3}},"line":19},"3":{"name":"update","decl":{"start":{"line":24,"column":8},"end":{"line":33,"column":3}},"loc":{"start":{"line":24,"column":8},"end":{"line":33,"column":3}},"line":24},"4":{"name":"delete","decl":{"start":{"line":35,"column":8},"end":{"line":39,"column":3}},"loc":{"start":{"line":35,"column":8},"end":{"line":39,"column":3}},"line":35}},"f":{"0":1,"1":1,"2":7,"3":3,"4":2}}
,"/home/arivero/Workspaces/Estudio/Node/07-RESTWeb/src/infraestructure/repositories/todo.repository.impl.ts": {"path":"/home/arivero/Workspaces/Estudio/Node/07-RESTWeb/src/infraestructure/repositories/todo.repository.impl.ts","all":false,"statementMap":{"0":{"start":{"line":1,"column":0},"end":{"line":1,"column":110}},"1":{"start":{"line":2,"column":0},"end":{"line":2,"column":0}},"2":{"start":{"line":3,"column":0},"end":{"line":3,"column":59}},"3":{"start":{"line":4,"column":0},"end":{"line":4,"column":61}},"4":{"start":{"line":5,"column":0},"end":{"line":5,"column":0}},"5":{"start":{"line":6,"column":0},"end":{"line":6,"column":61}},"6":{"start":{"line":7,"column":0},"end":{"line":7,"column":49}},"7":{"start":{"line":8,"column":0},"end":{"line":8,"column":3}},"8":{"start":{"line":9,"column":0},"end":{"line":9,"column":35}},"9":{"start":{"line":10,"column":0},"end":{"line":10,"column":36}},"10":{"start":{"line":11,"column":0},"end":{"line":11,"column":3}},"11":{"start":{"line":12,"column":0},"end":{"line":12,"column":45}},"12":{"start":{"line":13,"column":0},"end":{"line":13,"column":40}},"13":{"start":{"line":14,"column":0},"end":{"line":14,"column":3}},"14":{"start":{"line":15,"column":0},"end":{"line":15,"column":65}},"15":{"start":{"line":16,"column":0},"end":{"line":16,"column":49}},"16":{"start":{"line":17,"column":0},"end":{"line":17,"column":3}},"17":{"start":{"line":18,"column":0},"end":{"line":18,"column":47}},"18":{"start":{"line":19,"column":0},"end":{"line":19,"column":38}},"19":{"start":{"line":20,"column":0},"end":{"line":20,"column":3}},"20":{"start":{"line":21,"column":0},"end":{"line":21,"column":1}}},"s":{"0":1,"1":1,"2":1,"3":1,"4":1,"5":1,"6":1,"7":1,"8":1,"9":1,"10":1,"11":1,"12":2,"13":2,"14":1,"15":3,"16":3,"17":1,"18":2,"19":2,"20":1},"branchMap":{"0":{"type":"branch","line":4,"loc":{"start":{"line":4,"column":2},"end":{"line":4,"column":61}},"locations":[{"start":{"line":4,"column":2},"end":{"line":4,"column":61}}]},"1":{"type":"branch","line":6,"loc":{"start":{"line":6,"column":2},"end":{"line":8,"column":3}},"locations":[{"start":{"line":6,"column":2},"end":{"line":8,"column":3}}]},"2":{"type":"branch","line":9,"loc":{"start":{"line":9,"column":2},"end":{"line":11,"column":3}},"locations":[{"start":{"line":9,"column":2},"end":{"line":11,"column":3}}]},"3":{"type":"branch","line":12,"loc":{"start":{"line":12,"column":2},"end":{"line":14,"column":3}},"locations":[{"start":{"line":12,"column":2},"end":{"line":14,"column":3}}]},"4":{"type":"branch","line":15,"loc":{"start":{"line":15,"column":2},"end":{"line":17,"column":3}},"locations":[{"start":{"line":15,"column":2},"end":{"line":17,"column":3}}]},"5":{"type":"branch","line":18,"loc":{"start":{"line":18,"column":2},"end":{"line":20,"column":3}},"locations":[{"start":{"line":18,"column":2},"end":{"line":20,"column":3}}]}},"b":{"0":[2],"1":[1],"2":[1],"3":[2],"4":[3],"5":[2]},"fnMap":{"0":{"name":"TodoRepositoryImpl","decl":{"start":{"line":4,"column":2},"end":{"line":4,"column":61}},"loc":{"start":{"line":4,"column":2},"end":{"line":4,"column":61}},"line":4},"1":{"name":"create","decl":{"start":{"line":6,"column":2},"end":{"line":8,"column":3}},"loc":{"start":{"line":6,"column":2},"end":{"line":8,"column":3}},"line":6},"2":{"name":"getAll","decl":{"start":{"line":9,"column":2},"end":{"line":11,"column":3}},"loc":{"start":{"line":9,"column":2},"end":{"line":11,"column":3}},"line":9},"3":{"name":"findById","decl":{"start":{"line":12,"column":2},"end":{"line":14,"column":3}},"loc":{"start":{"line":12,"column":2},"end":{"line":14,"column":3}},"line":12},"4":{"name":"updateById","decl":{"start":{"line":15,"column":2},"end":{"line":17,"column":3}},"loc":{"start":{"line":15,"column":2},"end":{"line":17,"column":3}},"line":15},"5":{"name":"deleteById","decl":{"start":{"line":18,"column":2},"end":{"line":20,"column":3}},"loc":{"start":{"line":18,"column":2},"end":{"line":20,"column":3}},"line":18}},"f":{"0":2,"1":1,"2":1,"3":2,"4":3,"5":2}}
,"/home/arivero/Workspaces/Estudio/Node/07-RESTWeb/src/presentation/routes.ts": {"path":"/home/arivero/Workspaces/Estudio/Node/07-RESTWeb/src/presentation/routes.ts","all":false,"statementMap":{"0":{"start":{"line":1,"column":0},"end":{"line":1,"column":33}},"1":{"start":{"line":2,"column":0},"end":{"line":2,"column":44}},"2":{"start":{"line":3,"column":0},"end":{"line":3,"column":0}},"3":{"start":{"line":4,"column":0},"end":{"line":4,"column":24}},"4":{"start":{"line":5,"column":0},"end":{"line":5,"column":31}},"5":{"start":{"line":6,"column":0},"end":{"line":6,"column":28}},"6":{"start":{"line":7,"column":0},"end":{"line":7,"column":0}},"7":{"start":{"line":8,"column":0},"end":{"line":8,"column":48}},"8":{"start":{"line":9,"column":0},"end":{"line":9,"column":0}},"9":{"start":{"line":10,"column":0},"end":{"line":10,"column":18}},"10":{"start":{"line":11,"column":0},"end":{"line":11,"column":3}},"11":{"start":{"line":12,"column":0},"end":{"line":12,"column":1}}},"s":{"0":1,"1":1,"2":1,"3":1,"4":1,"5":2,"6":2,"7":2,"8":2,"9":2,"10":2,"11":1},"branchMap":{"0":{"type":"branch","line":5,"loc":{"start":{"line":5,"column":8},"end":{"line":11,"column":3}},"locations":[{"start":{"line":5,"column":8},"end":{"line":11,"column":3}}]}},"b":{"0":[2]},"fnMap":{"0":{"name":"get routes","decl":{"start":{"line":5,"column":8},"end":{"line":11,"column":3}},"loc":{"start":{"line":5,"column":8},"end":{"line":11,"column":3}},"line":5}},"f":{"0":2}}
,"/home/arivero/Workspaces/Estudio/Node/07-RESTWeb/src/presentation/server.ts": {"path":"/home/arivero/Workspaces/Estudio/Node/07-RESTWeb/src/presentation/server.ts","all":false,"statementMap":{"0":{"start":{"line":1,"column":0},"end":{"line":1,"column":42}},"1":{"start":{"line":2,"column":0},"end":{"line":2,"column":24}},"2":{"start":{"line":3,"column":0},"end":{"line":3,"column":0}},"3":{"start":{"line":4,"column":0},"end":{"line":4,"column":19}},"4":{"start":{"line":5,"column":0},"end":{"line":5,"column":15}},"5":{"start":{"line":6,"column":0},"end":{"line":6,"column":17}},"6":{"start":{"line":7,"column":0},"end":{"line":7,"column":23}},"7":{"start":{"line":8,"column":0},"end":{"line":8,"column":1}},"8":{"start":{"line":9,"column":0},"end":{"line":9,"column":0}},"9":{"start":{"line":10,"column":0},"end":{"line":10,"column":21}},"10":{"start":{"line":11,"column":0},"end":{"line":11,"column":34}},"11":{"start":{"line":12,"column":0},"end":{"line":12,"column":31}},"12":{"start":{"line":13,"column":0},"end":{"line":13,"column":32}},"13":{"start":{"line":14,"column":0},"end":{"line":14,"column":34}},"14":{"start":{"line":15,"column":0},"end":{"line":15,"column":39}},"15":{"start":{"line":16,"column":0},"end":{"line":16,"column":33}},"16":{"start":{"line":17,"column":0},"end":{"line":17,"column":61}},"17":{"start":{"line":18,"column":0},"end":{"line":18,"column":21}},"18":{"start":{"line":19,"column":0},"end":{"line":19,"column":34}},"19":{"start":{"line":20,"column":0},"end":{"line":20,"column":25}},"20":{"start":{"line":21,"column":0},"end":{"line":21,"column":3}},"21":{"start":{"line":22,"column":0},"end":{"line":22,"column":0}},"22":{"start":{"line":23,"column":0},"end":{"line":23,"column":17}},"23":{"start":{"line":24,"column":0},"end":{"line":24,"column":51}},"24":{"start":{"line":25,"column":0},"end":{"line":25,"column":0}},"25":{"start":{"line":26,"column":0},"end":{"line":26,"column":33}},"26":{"start":{"line":27,"column":0},"end":{"line":27,"column":57}},"27":{"start":{"line":28,"column":0},"end":{"line":28,"column":0}},"28":{"start":{"line":29,"column":0},"end":{"line":29,"column":13}},"29":{"start":{"line":30,"column":0},"end":{"line":30,"column":30}},"30":{"start":{"line":31,"column":0},"end":{"line":31,"column":0}},"31":{"start":{"line":32,"column":0},"end":{"line":32,"column":10}},"32":{"start":{"line":33,"column":0},"end":{"line":33,"column":37}},"33":{"start":{"line":34,"column":0},"end":{"line":34,"column":34}},"34":{"start":{"line":35,"column":0},"end":{"line":35,"column":60}},"35":{"start":{"line":36,"column":0},"end":{"line":36,"column":8}},"36":{"start":{"line":37,"column":0},"end":{"line":37,"column":30}},"37":{"start":{"line":38,"column":0},"end":{"line":38,"column":13}},"38":{"start":{"line":39,"column":0},"end":{"line":39,"column":7}},"39":{"start":{"line":40,"column":0},"end":{"line":40,"column":0}},"40":{"start":{"line":41,"column":0},"end":{"line":41,"column":60}},"41":{"start":{"line":42,"column":0},"end":{"line":42,"column":58}},"42":{"start":{"line":43,"column":0},"end":{"line":43,"column":7}},"43":{"start":{"line":44,"column":0},"end":{"line":44,"column":3}},"44":{"start":{"line":45,"column":0},"end":{"line":45,"column":0}},"45":{"start":{"line":46,"column":0},"end":{"line":46,"column":18}},"46":{"start":{"line":47,"column":0},"end":{"line":47,"column":33}},"47":{"start":{"line":48,"column":0},"end":{"line":48,"column":3}},"48":{"start":{"line":49,"column":0},"end":{"line":49,"column":1}}},"s":{"0":1,"1":1,"2":1,"3":1,"4":1,"5":1,"6":1,"7":1,"8":1,"9":1,"10":1,"11":1,"12":1,"13":1,"14":1,"15":1,"16":1,"17":1,"18":1,"19":1,"20":1,"21":1,"22":1,"23":1,"24":1,"25":1,"26":1,"27":1,"28":1,"29":1,"30":1,"31":1,"32":1,"33":0,"34":0,"35":0,"36":0,"37":0,"38":1,"39":1,"40":1,"41":1,"42":1,"43":1,"44":1,"45":1,"46":1,"47":1,"48":1},"branchMap":{"0":{"type":"branch","line":16,"loc":{"start":{"line":16,"column":2},"end":{"line":21,"column":3}},"locations":[{"start":{"line":16,"column":2},"end":{"line":21,"column":3}}]},"1":{"type":"branch","line":23,"loc":{"start":{"line":23,"column":8},"end":{"line":44,"column":3}},"locations":[{"start":{"line":23,"column":8},"end":{"line":44,"column":3}}]},"2":{"type":"branch","line":41,"loc":{"start":{"line":41,"column":53},"end":{"line":43,"column":5}},"locations":[{"start":{"line":41,"column":53},"end":{"line":43,"column":5}}]},"3":{"type":"branch","line":46,"loc":{"start":{"line":46,"column":9},"end":{"line":48,"column":3}},"locations":[{"start":{"line":46,"column":9},"end":{"line":48,"column":3}}]},"4":{"type":"branch","line":47,"loc":{"start":{"line":47,"column":23},"end":{"line":47,"column":25}},"locations":[{"start":{"line":47,"column":23},"end":{"line":47,"column":25}}]}},"b":{"0":[1],"1":[1],"2":[1],"3":[1],"4":[0]},"fnMap":{"0":{"name":"Server","decl":{"start":{"line":16,"column":2},"end":{"line":21,"column":3}},"loc":{"start":{"line":16,"column":2},"end":{"line":21,"column":3}},"line":16},"1":{"name":"start","decl":{"start":{"line":23,"column":8},"end":{"line":44,"column":3}},"loc":{"start":{"line":23,"column":8},"end":{"line":44,"column":3}},"line":23},"2":{"name":"close","decl":{"start":{"line":46,"column":9},"end":{"line":48,"column":3}},"loc":{"start":{"line":46,"column":9},"end":{"line":48,"column":3}},"line":46}},"f":{"0":1,"1":1,"2":1}}
,"/home/arivero/Workspaces/Estudio/Node/07-RESTWeb/src/presentation/todos/controller.ts": {"path":"/home/arivero/Workspaces/Estudio/Node/07-RESTWeb/src/presentation/todos/controller.ts","all":false,"statementMap":{"0":{"start":{"line":1,"column":0},"end":{"line":1,"column":44}},"1":{"start":{"line":2,"column":0},"end":{"line":2,"column":0}},"2":{"start":{"line":3,"column":0},"end":{"line":3,"column":65}},"3":{"start":{"line":4,"column":0},"end":{"line":4,"column":8}},"4":{"start":{"line":5,"column":0},"end":{"line":5,"column":13}},"5":{"start":{"line":6,"column":0},"end":{"line":6,"column":14}},"6":{"start":{"line":7,"column":0},"end":{"line":7,"column":13}},"7":{"start":{"line":8,"column":0},"end":{"line":8,"column":10}},"8":{"start":{"line":9,"column":0},"end":{"line":9,"column":11}},"9":{"start":{"line":10,"column":0},"end":{"line":10,"column":17}},"10":{"start":{"line":11,"column":0},"end":{"line":11,"column":13}},"11":{"start":{"line":12,"column":0},"end":{"line":12,"column":29}},"12":{"start":{"line":13,"column":0},"end":{"line":13,"column":0}},"13":{"start":{"line":14,"column":0},"end":{"line":14,"column":30}},"14":{"start":{"line":15,"column":0},"end":{"line":15,"column":65}},"15":{"start":{"line":16,"column":0},"end":{"line":16,"column":0}},"16":{"start":{"line":17,"column":0},"end":{"line":17,"column":60}},"17":{"start":{"line":18,"column":0},"end":{"line":18,"column":39}},"18":{"start":{"line":19,"column":0},"end":{"line":19,"column":66}},"19":{"start":{"line":20,"column":0},"end":{"line":20,"column":13}},"20":{"start":{"line":21,"column":0},"end":{"line":21,"column":5}},"21":{"start":{"line":22,"column":0},"end":{"line":22,"column":23}},"22":{"start":{"line":23,"column":0},"end":{"line":23,"column":0}},"23":{"start":{"line":24,"column":0},"end":{"line":24,"column":74}},"24":{"start":{"line":25,"column":0},"end":{"line":25,"column":4}},"25":{"start":{"line":26,"column":0},"end":{"line":26,"column":0}},"26":{"start":{"line":27,"column":0},"end":{"line":27,"column":52}},"27":{"start":{"line":28,"column":0},"end":{"line":28,"column":37}},"28":{"start":{"line":29,"column":0},"end":{"line":29,"column":16}},"29":{"start":{"line":30,"column":0},"end":{"line":30,"column":39}},"30":{"start":{"line":31,"column":0},"end":{"line":31,"column":54}},"31":{"start":{"line":32,"column":0},"end":{"line":32,"column":0}},"32":{"start":{"line":33,"column":0},"end":{"line":33,"column":57}},"33":{"start":{"line":34,"column":0},"end":{"line":34,"column":30}},"34":{"start":{"line":35,"column":0},"end":{"line":35,"column":20}},"35":{"start":{"line":36,"column":0},"end":{"line":36,"column":76}},"36":{"start":{"line":37,"column":0},"end":{"line":37,"column":5}},"37":{"start":{"line":38,"column":0},"end":{"line":38,"column":0}},"38":{"start":{"line":39,"column":0},"end":{"line":39,"column":36}},"39":{"start":{"line":40,"column":0},"end":{"line":40,"column":18}},"40":{"start":{"line":41,"column":0},"end":{"line":41,"column":37}},"41":{"start":{"line":42,"column":0},"end":{"line":42,"column":54}},"42":{"start":{"line":43,"column":0},"end":{"line":43,"column":4}},"43":{"start":{"line":44,"column":0},"end":{"line":44,"column":0}},"44":{"start":{"line":45,"column":0},"end":{"line":45,"column":56}},"45":{"start":{"line":46,"column":0},"end":{"line":46,"column":57}},"46":{"start":{"line":47,"column":0},"end":{"line":47,"column":46}},"47":{"start":{"line":48,"column":0},"end":{"line":48,"column":0}},"48":{"start":{"line":49,"column":0},"end":{"line":49,"column":54}},"49":{"start":{"line":50,"column":0},"end":{"line":50,"column":0}},"50":{"start":{"line":51,"column":0},"end":{"line":51,"column":39}},"51":{"start":{"line":52,"column":0},"end":{"line":52,"column":27}},"52":{"start":{"line":53,"column":0},"end":{"line":53,"column":49}},"53":{"start":{"line":54,"column":0},"end":{"line":54,"column":54}},"54":{"start":{"line":55,"column":0},"end":{"line":55,"column":4}},"55":{"start":{"line":56,"column":0},"end":{"line":56,"column":0}},"56":{"start":{"line":57,"column":0},"end":{"line":57,"column":56}},"57":{"start":{"line":58,"column":0},"end":{"line":58,"column":30}},"58":{"start":{"line":59,"column":0},"end":{"line":59,"column":0}},"59":{"start":{"line":60,"column":0},"end":{"line":60,"column":77}},"60":{"start":{"line":61,"column":0},"end":{"line":61,"column":0}},"61":{"start":{"line":62,"column":0},"end":{"line":62,"column":16}},"62":{"start":{"line":63,"column":0},"end":{"line":63,"column":45}},"63":{"start":{"line":64,"column":0},"end":{"line":64,"column":5}},"64":{"start":{"line":65,"column":0},"end":{"line":65,"column":0}},"65":{"start":{"line":66,"column":0},"end":{"line":66,"column":39}},"66":{"start":{"line":67,"column":0},"end":{"line":67,"column":30}},"67":{"start":{"line":68,"column":0},"end":{"line":68,"column":37}},"68":{"start":{"line":69,"column":0},"end":{"line":69,"column":54}},"69":{"start":{"line":70,"column":0},"end":{"line":70,"column":4}},"70":{"start":{"line":71,"column":0},"end":{"line":71,"column":0}},"71":{"start":{"line":72,"column":0},"end":{"line":72,"column":56}},"72":{"start":{"line":73,"column":0},"end":{"line":73,"column":30}},"73":{"start":{"line":74,"column":0},"end":{"line":74,"column":20}},"74":{"start":{"line":75,"column":0},"end":{"line":75,"column":76}},"75":{"start":{"line":76,"column":0},"end":{"line":76,"column":5}},"76":{"start":{"line":77,"column":0},"end":{"line":77,"column":0}},"77":{"start":{"line":78,"column":0},"end":{"line":78,"column":39}},"78":{"start":{"line":79,"column":0},"end":{"line":79,"column":18}},"79":{"start":{"line":80,"column":0},"end":{"line":80,"column":37}},"80":{"start":{"line":81,"column":0},"end":{"line":81,"column":54}},"81":{"start":{"line":82,"column":0},"end":{"line":82,"column":4}},"82":{"start":{"line":83,"column":0},"end":{"line":83,"column":1}}},"s":{"0":1,"1":1,"2":1,"3":1,"4":1,"5":1,"6":1,"7":1,"8":1,"9":1,"10":1,"11":1,"12":1,"13":1,"14":1,"15":1,"16":1,"17":3,"18":3,"19":3,"20":3,"21":0,"22":0,"23":0,"24":1,"25":1,"26":1,"27":1,"28":1,"29":1,"30":1,"31":1,"32":1,"33":2,"34":2,"35":0,"36":0,"37":2,"38":2,"39":2,"40":2,"41":2,"42":1,"43":1,"44":1,"45":3,"46":3,"47":3,"48":3,"49":1,"50":1,"51":1,"52":1,"53":1,"54":1,"55":1,"56":1,"57":3,"58":3,"59":3,"60":3,"61":3,"62":0,"63":0,"64":3,"65":3,"66":3,"67":3,"68":3,"69":1,"70":1,"71":1,"72":2,"73":2,"74":0,"75":0,"76":2,"77":2,"78":2,"79":2,"80":2,"81":1,"82":1},"branchMap":{"0":{"type":"branch","line":15,"loc":{"start":{"line":15,"column":2},"end":{"line":15,"column":65}},"locations":[{"start":{"line":15,"column":2},"end":{"line":15,"column":65}}]},"1":{"type":"branch","line":17,"loc":{"start":{"line":17,"column":24},"end":{"line":25,"column":3}},"locations":[{"start":{"line":17,"column":24},"end":{"line":25,"column":3}}]},"2":{"type":"branch","line":22,"loc":{"start":{"line":22,"column":-1},"end":{"line":25,"column":3}},"locations":[{"start":{"line":22,"column":-1},"end":{"line":25,"column":3}}]},"3":{"type":"branch","line":27,"loc":{"start":{"line":27,"column":20},"end":{"line":31,"column":53}},"locations":[{"start":{"line":27,"column":20},"end":{"line":31,"column":53}}]},"4":{"type":"branch","line":30,"loc":{"start":{"line":30,"column":12},"end":{"line":30,"column":38}},"locations":[{"start":{"line":30,"column":12},"end":{"line":30,"column":38}}]},"5":{"type":"branch","line":33,"loc":{"start":{"line":33,"column":23},"end":{"line":43,"column":3}},"locations":[{"start":{"line":33,"column":23},"end":{"line":43,"column":3}}]},"6":{"type":"branch","line":35,"loc":{"start":{"line":35,"column":19},"end":{"line":37,"column":5}},"locations":[{"start":{"line":35,"column":19},"end":{"line":37,"column":5}}]},"7":{"type":"branch","line":41,"loc":{"start":{"line":41,"column":12},"end":{"line":41,"column":36}},"locations":[{"start":{"line":41,"column":12},"end":{"line":41,"column":36}}]},"8":{"type":"branch","line":42,"loc":{"start":{"line":42,"column":13},"end":{"line":42,"column":52}},"locations":[{"start":{"line":42,"column":13},"end":{"line":42,"column":52}}]},"9":{"type":"branch","line":45,"loc":{"start":{"line":45,"column":22},"end":{"line":55,"column":3}},"locations":[{"start":{"line":45,"column":22},"end":{"line":55,"column":3}}]},"10":{"type":"branch","line":49,"loc":{"start":{"line":49,"column":15},"end":{"line":49,"column":54}},"locations":[{"start":{"line":49,"column":15},"end":{"line":49,"column":54}}]},"11":{"type":"branch","line":50,"loc":{"start":{"line":50,"column":-1},"end":{"line":55,"column":3}},"locations":[{"start":{"line":50,"column":-1},"end":{"line":55,"column":3}}]},"12":{"type":"branch","line":53,"loc":{"start":{"line":53,"column":12},"end":{"line":53,"column":48}},"locations":[{"start":{"line":53,"column":12},"end":{"line":53,"column":48}}]},"13":{"type":"branch","line":57,"loc":{"start":{"line":57,"column":22},"end":{"line":70,"column":3}},"locations":[{"start":{"line":57,"column":22},"end":{"line":70,"column":3}}]},"14":{"type":"branch","line":62,"loc":{"start":{"line":62,"column":15},"end":{"line":64,"column":5}},"locations":[{"start":{"line":62,"column":15},"end":{"line":64,"column":5}}]},"15":{"type":"branch","line":68,"loc":{"start":{"line":68,"column":12},"end":{"line":68,"column":36}},"locations":[{"start":{"line":68,"column":12},"end":{"line":68,"column":36}}]},"16":{"type":"branch","line":69,"loc":{"start":{"line":69,"column":13},"end":{"line":69,"column":52}},"locations":[{"start":{"line":69,"column":13},"end":{"line":69,"column":52}}]},"17":{"type":"branch","line":72,"loc":{"start":{"line":72,"column":22},"end":{"line":82,"column":3}},"locations":[{"start":{"line":72,"column":22},"end":{"line":82,"column":3}}]},"18":{"type":"branch","line":74,"loc":{"start":{"line":74,"column":19},"end":{"line":76,"column":5}},"locations":[{"start":{"line":74,"column":19},"end":{"line":76,"column":5}}]},"19":{"type":"branch","line":80,"loc":{"start":{"line":80,"column":12},"end":{"line":80,"column":36}},"locations":[{"start":{"line":80,"column":12},"end":{"line":80,"column":36}}]},"20":{"type":"branch","line":81,"loc":{"start":{"line":81,"column":13},"end":{"line":81,"column":52}},"locations":[{"start":{"line":81,"column":13},"end":{"line":81,"column":52}}]}},"b":{"0":[2],"1":[3],"2":[0],"3":[1],"4":[1],"5":[2],"6":[0],"7":[1],"8":[1],"9":[3],"10":[2],"11":[1],"12":[1],"13":[3],"14":[0],"15":[2],"16":[1],"17":[2],"18":[0],"19":[1],"20":[1]},"fnMap":{"0":{"name":"TodosController","decl":{"start":{"line":15,"column":2},"end":{"line":15,"column":65}},"loc":{"start":{"line":15,"column":2},"end":{"line":15,"column":65}},"line":15},"1":{"name":"TodosController.handleError","decl":{"start":{"line":17,"column":24},"end":{"line":25,"column":3}},"loc":{"start":{"line":17,"column":24},"end":{"line":25,"column":3}},"line":17},"2":{"name":"TodosController.getTodos","decl":{"start":{"line":27,"column":20},"end":{"line":31,"column":53}},"loc":{"start":{"line":27,"column":20},"end":{"line":31,"column":53}},"line":27},"3":{"name":"TodosController.getTodoById","decl":{"start":{"line":33,"column":23},"end":{"line":43,"column":3}},"loc":{"start":{"line":33,"column":23},"end":{"line":43,"column":3}},"line":33},"4":{"name":"TodosController.createTodo","decl":{"start":{"line":45,"column":22},"end":{"line":55,"column":3}},"loc":{"start":{"line":45,"column":22},"end":{"line":55,"column":3}},"line":45},"5":{"name":"TodosController.updateTodo","decl":{"start":{"line":57,"column":22},"end":{"line":70,"column":3}},"loc":{"start":{"line":57,"column":22},"end":{"line":70,"column":3}},"line":57},"6":{"name":"TodosController.deleteTodo","decl":{"start":{"line":72,"column":22},"end":{"line":82,"column":3}},"loc":{"start":{"line":72,"column":22},"end":{"line":82,"column":3}},"line":72}},"f":{"0":2,"1":3,"2":1,"3":2,"4":3,"5":3,"6":2}}
,"/home/arivero/Workspaces/Estudio/Node/07-RESTWeb/src/presentation/todos/routes.ts": {"path":"/home/arivero/Workspaces/Estudio/Node/07-RESTWeb/src/presentation/todos/routes.ts","all":false,"statementMap":{"0":{"start":{"line":1,"column":0},"end":{"line":1,"column":33}},"1":{"start":{"line":2,"column":0},"end":{"line":2,"column":47}},"2":{"start":{"line":3,"column":0},"end":{"line":3,"column":91}},"3":{"start":{"line":4,"column":0},"end":{"line":4,"column":93}},"4":{"start":{"line":5,"column":0},"end":{"line":5,"column":0}},"5":{"start":{"line":6,"column":0},"end":{"line":6,"column":25}},"6":{"start":{"line":7,"column":0},"end":{"line":7,"column":31}},"7":{"start":{"line":8,"column":0},"end":{"line":8,"column":48}},"8":{"start":{"line":9,"column":0},"end":{"line":9,"column":62}},"9":{"start":{"line":10,"column":0},"end":{"line":10,"column":63}},"10":{"start":{"line":11,"column":0},"end":{"line":11,"column":0}},"11":{"start":{"line":12,"column":0},"end":{"line":12,"column":28}},"12":{"start":{"line":13,"column":0},"end":{"line":13,"column":0}},"13":{"start":{"line":14,"column":0},"end":{"line":14,"column":45}},"14":{"start":{"line":15,"column":0},"end":{"line":15,"column":0}},"15":{"start":{"line":16,"column":0},"end":{"line":16,"column":51}},"16":{"start":{"line":17,"column":0},"end":{"line":17,"column":0}},"17":{"start":{"line":18,"column":0},"end":{"line":18,"column":48}},"18":{"start":{"line":19,"column":0},"end":{"line":19,"column":0}},"19":{"start":{"line":20,"column":0},"end":{"line":20,"column":50}},"20":{"start":{"line":21,"column":0},"end":{"line":21,"column":0}},"21":{"start":{"line":22,"column":0},"end":{"line":22,"column":53}},"22":{"start":{"line":23,"column":0},"end":{"line":23,"column":0}},"23":{"start":{"line":24,"column":0},"end":{"line":24,"column":18}},"24":{"start":{"line":25,"column":0},"end":{"line":25,"column":3}},"25":{"start":{"line":26,"column":0},"end":{"line":26,"column":1}}},"s":{"0":1,"1":1,"2":1,"3":1,"4":1,"5":1,"6":1,"7":2,"8":2,"9":2,"10":2,"11":2,"12":2,"13":2,"14":2,"15":2,"16":2,"17":2,"18":2,"19":2,"20":2,"21":2,"22":2,"23":2,"24":2,"25":1},"branchMap":{"0":{"type":"branch","line":7,"loc":{"start":{"line":7,"column":8},"end":{"line":25,"column":3}},"locations":[{"start":{"line":7,"column":8},"end":{"line":25,"column":3}}]}},"b":{"0":[2]},"fnMap":{"0":{"name":"get routes","decl":{"start":{"line":7,"column":8},"end":{"line":25,"column":3}},"loc":{"start":{"line":7,"column":8},"end":{"line":25,"column":3}},"line":7}},"f":{"0":2}}
,"/home/arivero/Workspaces/Estudio/Node/07-RESTWeb/tests/test-server.ts": {"path":"/home/arivero/Workspaces/Estudio/Node/07-RESTWeb/tests/test-server.ts","all":false,"statementMap":{"0":{"start":{"line":1,"column":0},"end":{"line":1,"column":57}},"1":{"start":{"line":2,"column":0},"end":{"line":2,"column":44}},"2":{"start":{"line":3,"column":0},"end":{"line":3,"column":52}},"3":{"start":{"line":4,"column":0},"end":{"line":4,"column":0}},"4":{"start":{"line":5,"column":0},"end":{"line":5,"column":0}},"5":{"start":{"line":6,"column":0},"end":{"line":6,"column":0}},"6":{"start":{"line":7,"column":0},"end":{"line":7,"column":38}},"7":{"start":{"line":8,"column":0},"end":{"line":8,"column":18}},"8":{"start":{"line":9,"column":0},"end":{"line":9,"column":27}},"9":{"start":{"line":10,"column":0},"end":{"line":10,"column":2}}},"s":{"0":1,"1":1,"2":1,"3":1,"4":1,"5":1,"6":1,"7":1,"8":1,"9":1},"branchMap":{},"b":{},"fnMap":{},"f":{}}
}
