TN:
SF:src/app.ts
FN:7,main
FNF:1
FNH:1
FNDA:1,main
DA:1,1
DA:2,1
DA:3,1
DA:4,1
DA:5,1
DA:6,1
DA:7,1
DA:8,1
DA:9,1
DA:10,1
DA:11,1
DA:12,1
DA:13,1
DA:14,1
LF:14
LH:14
BRDA:5,0,0,1
BRDA:5,1,0,1
BRDA:7,2,0,1
BRF:3
BRH:3
end_of_record
TN:
SF:src/config/envs.ts
FNF:0
FNH:0
DA:1,1
DA:2,1
DA:3,1
DA:4,1
DA:5,1
DA:6,1
DA:7,1
DA:8,1
LF:8
LH:8
BRF:0
BRH:0
end_of_record
TN:
SF:src/data/postgres/index.ts
FNF:0
FNH:0
DA:1,1
DA:2,1
DA:3,1
LF:3
LH:3
BRF:0
BRH:0
end_of_record
TN:
SF:src/domain/ index.ts
FNF:0
FNH:0
DA:1,1
DA:2,1
DA:3,1
DA:4,1
DA:5,1
DA:6,1
DA:7,1
DA:8,1
DA:9,1
DA:10,1
DA:11,1
DA:12,1
LF:12
LH:12
BRF:0
BRH:0
end_of_record
TN:
SF:src/domain/datasources/todo.datasource.ts
FNF:0
FNH:0
DA:1,1
DA:2,1
DA:3,1
DA:4,1
DA:5,1
DA:6,1
DA:7,1
DA:8,1
DA:9,1
DA:10,1
DA:11,1
DA:12,1
DA:13,1
DA:14,1
LF:14
LH:14
BRF:0
BRH:0
end_of_record
TN:
SF:src/domain/dtos/index.ts
FNF:0
FNH:0
DA:1,1
DA:2,1
LF:2
LH:2
BRF:0
BRH:0
end_of_record
TN:
SF:src/domain/dtos/todos/create-todo.dto.ts
FN:2,CreateTodoDTO
FN:4,create
FNF:2
FNH:2
FNDA:1,CreateTodoDTO
FNDA:3,create
DA:1,1
DA:2,1
DA:3,1
DA:4,1
DA:5,3
DA:6,3
DA:7,2
DA:8,2
DA:9,1
DA:10,1
DA:11,1
LF:11
LH:11
BRDA:2,0,0,1
BRDA:4,1,0,3
BRDA:6,2,0,1
BRDA:6,3,0,2
BRDA:9,4,0,1
BRF:5
BRH:5
end_of_record
TN:
SF:src/domain/dtos/todos/update-todo.dto.ts
FN:2,UpdateTodoDTO
FN:8,get values
FN:16,create
FNF:3
FNH:3
FNDA:3,UpdateTodoDTO
FNDA:2,get values
FNDA:3,create
DA:1,1
DA:2,1
DA:3,3
DA:4,3
DA:5,3
DA:6,3
DA:7,1
DA:8,1
DA:9,2
DA:10,2
DA:11,2
DA:12,2
DA:13,2
DA:14,2
DA:15,1
DA:16,1
DA:17,3
DA:18,3
DA:19,3
DA:20,0
DA:21,0
DA:22,3
DA:23,3
DA:24,3
DA:25,3
DA:26,3
DA:27,3
DA:28,0
DA:29,0
DA:30,3
DA:31,3
DA:32,3
DA:33,1
LF:33
LH:29
BRDA:2,0,0,3
BRDA:8,1,0,2
BRDA:11,2,0,1
BRDA:16,3,0,3
BRDA:19,4,0,0
BRDA:27,5,0,0
BRF:6
BRH:4
end_of_record
TN:
SF:src/domain/entities/todo.entity.ts
FN:2,TodoEntity
FN:8,get isCompleted
FN:12,fromObject
FNF:3
FNH:2
FNDA:10,TodoEntity
FNDA:0,get isCompleted
FNDA:10,fromObject
DA:1,1
DA:2,1
DA:3,10
DA:4,10
DA:5,10
DA:6,10
DA:7,1
DA:8,1
DA:9,0
DA:10,0
DA:11,1
DA:12,1
DA:13,10
DA:14,10
DA:15,10
DA:16,10
DA:17,10
DA:18,10
DA:19,10
DA:20,2
DA:21,2
DA:22,0
DA:23,0
DA:24,2
DA:25,10
DA:26,10
DA:27,10
DA:28,1
LF:28
LH:24
BRDA:2,0,0,10
BRDA:12,1,0,10
BRDA:14,2,0,0
BRDA:15,3,0,0
BRDA:19,4,0,2
BRDA:21,5,0,0
BRF:6
BRH:3
end_of_record
TN:
SF:src/domain/errors/custom.error.ts
FN:2,CustomError
FNF:1
FNH:1
FNDA:3,CustomError
DA:1,1
DA:2,1
DA:3,3
DA:4,3
DA:5,3
DA:6,3
DA:7,3
DA:8,1
LF:8
LH:8
BRDA:2,0,0,3
BRF:1
BRH:1
end_of_record
TN:
SF:src/domain/repositories/todo.repository.ts
FNF:0
FNH:0
DA:1,1
DA:2,1
DA:3,1
DA:4,1
DA:5,1
DA:6,1
DA:7,1
DA:8,1
DA:9,1
DA:10,1
DA:11,1
DA:12,1
DA:13,1
DA:14,1
LF:14
LH:14
BRF:0
BRH:0
end_of_record
TN:
SF:src/domain/use-cases/todo/create-todo.ts
FN:8,CreateTodo
FN:10,execute
FNF:2
FNH:2
FNDA:1,CreateTodo
FNDA:1,execute
DA:1,1
DA:2,1
DA:3,1
DA:4,1
DA:5,1
DA:6,1
DA:7,1
DA:8,1
DA:9,1
DA:10,1
DA:11,1
DA:12,1
DA:13,1
LF:13
LH:13
BRDA:8,0,0,1
BRDA:10,1,0,1
BRF:2
BRH:2
end_of_record
TN:
SF:src/domain/use-cases/todo/delete-todo.ts
FN:8,DeleteTodo
FN:10,execute
FNF:2
FNH:2
FNDA:2,DeleteTodo
FNDA:2,execute
DA:1,1
DA:2,1
DA:3,1
DA:4,1
DA:5,1
DA:6,1
DA:7,1
DA:8,1
DA:9,1
DA:10,1
DA:11,2
DA:12,2
DA:13,1
LF:13
LH:13
BRDA:8,0,0,2
BRDA:10,1,0,2
BRF:2
BRH:2
end_of_record
TN:
SF:src/domain/use-cases/todo/get-todo.ts
FN:8,GetTodo
FN:10,execute
FNF:2
FNH:2
FNDA:2,GetTodo
FNDA:2,execute
DA:1,1
DA:2,1
DA:3,1
DA:4,1
DA:5,1
DA:6,1
DA:7,1
DA:8,1
DA:9,1
DA:10,1
DA:11,2
DA:12,2
DA:13,1
LF:13
LH:13
BRDA:8,0,0,2
BRDA:10,1,0,2
BRF:2
BRH:2
end_of_record
TN:
SF:src/domain/use-cases/todo/get-todos.ts
FN:8,GetTodos
FN:10,execute
FNF:2
FNH:2
FNDA:1,GetTodos
FNDA:1,execute
DA:1,1
DA:2,1
DA:3,1
DA:4,1
DA:5,1
DA:6,1
DA:7,1
DA:8,1
DA:9,1
DA:10,1
DA:11,1
DA:12,1
DA:13,1
LF:13
LH:13
BRDA:8,0,0,1
BRDA:10,1,0,1
BRF:2
BRH:2
end_of_record
TN:
SF:src/domain/use-cases/todo/update-todo.ts
FN:8,UpdateTodo
FN:10,execute
FNF:2
FNH:2
FNDA:3,UpdateTodo
FNDA:3,execute
DA:1,1
DA:2,1
DA:3,1
DA:4,1
DA:5,1
DA:6,1
DA:7,1
DA:8,1
DA:9,1
DA:10,1
DA:11,3
DA:12,3
DA:13,1
LF:13
LH:13
BRDA:8,0,0,3
BRDA:10,1,0,3
BRF:2
BRH:2
end_of_record
TN:
SF:src/infraestructure/datasource/todo.datasource.impl.ts
FN:11,create
FN:15,getAll
FN:19,findById
FN:24,update
FN:35,delete
FNF:5
FNH:5
FNDA:1,create
FNDA:1,getAll
FNDA:7,findById
FNDA:3,update
FNDA:2,delete
DA:1,1
DA:2,1
DA:3,1
DA:4,1
DA:5,1
DA:6,1
DA:7,1
DA:8,1
DA:9,1
DA:10,1
DA:11,1
DA:12,1
DA:13,1
DA:14,1
DA:15,1
DA:16,1
DA:17,1
DA:18,1
DA:19,1
DA:20,7
DA:21,7
DA:22,4
DA:23,4
DA:24,1
DA:25,3
DA:26,2
DA:27,2
DA:28,2
DA:29,2
DA:30,2
DA:31,2
DA:32,2
DA:33,2
DA:34,1
DA:35,1
DA:36,2
DA:37,1
DA:38,1
DA:39,1
DA:40,1
LF:40
LH:40
BRDA:11,0,0,1
BRDA:15,1,0,1
BRDA:19,2,0,7
BRDA:21,3,0,3
BRDA:22,4,0,4
BRDA:24,5,0,3
BRDA:26,6,0,2
BRDA:35,7,0,2
BRDA:37,8,0,1
BRF:9
BRH:9
end_of_record
TN:
SF:src/infraestructure/repositories/todo.repository.impl.ts
FN:4,TodoRepositoryImpl
FN:6,create
FN:9,getAll
FN:12,findById
FN:15,updateById
FN:18,deleteById
FNF:6
FNH:6
FNDA:2,TodoRepositoryImpl
FNDA:1,create
FNDA:1,getAll
FNDA:2,findById
FNDA:3,updateById
FNDA:2,deleteById
DA:1,1
DA:2,1
DA:3,1
DA:4,1
DA:5,1
DA:6,1
DA:7,1
DA:8,1
DA:9,1
DA:10,1
DA:11,1
DA:12,1
DA:13,2
DA:14,2
DA:15,1
DA:16,3
DA:17,3
DA:18,1
DA:19,2
DA:20,2
DA:21,1
LF:21
LH:21
BRDA:4,0,0,2
BRDA:6,1,0,1
BRDA:9,2,0,1
BRDA:12,3,0,2
BRDA:15,4,0,3
BRDA:18,5,0,2
BRF:6
BRH:6
end_of_record
TN:
SF:src/presentation/routes.ts
FN:5,get routes
FNF:1
FNH:1
FNDA:2,get routes
DA:1,1
DA:2,1
DA:3,1
DA:4,1
DA:5,1
DA:6,2
DA:7,2
DA:8,2
DA:9,2
DA:10,2
DA:11,2
DA:12,1
LF:12
LH:12
BRDA:5,0,0,2
BRF:1
BRH:1
end_of_record
TN:
SF:src/presentation/server.ts
FN:16,Server
FN:23,start
FN:46,close
FNF:3
FNH:3
FNDA:1,Server
FNDA:1,start
FNDA:1,close
DA:1,1
DA:2,1
DA:3,1
DA:4,1
DA:5,1
DA:6,1
DA:7,1
DA:8,1
DA:9,1
DA:10,1
DA:11,1
DA:12,1
DA:13,1
DA:14,1
DA:15,1
DA:16,1
DA:17,1
DA:18,1
DA:19,1
DA:20,1
DA:21,1
DA:22,1
DA:23,1
DA:24,1
DA:25,1
DA:26,1
DA:27,1
DA:28,1
DA:29,1
DA:30,1
DA:31,1
DA:32,1
DA:33,1
DA:34,0
DA:35,0
DA:36,0
DA:37,0
DA:38,0
DA:39,1
DA:40,1
DA:41,1
DA:42,1
DA:43,1
DA:44,1
DA:45,1
DA:46,1
DA:47,1
DA:48,1
DA:49,1
LF:49
LH:44
BRDA:16,0,0,1
BRDA:23,1,0,1
BRDA:41,2,0,1
BRDA:46,3,0,1
BRDA:47,4,0,0
BRF:5
BRH:4
end_of_record
TN:
SF:src/presentation/todos/controller.ts
FN:15,TodosController
FN:17,TodosController.handleError
FN:27,TodosController.getTodos
FN:33,TodosController.getTodoById
FN:45,TodosController.createTodo
FN:57,TodosController.updateTodo
FN:72,TodosController.deleteTodo
FNF:7
FNH:7
FNDA:2,TodosController
FNDA:3,TodosController.handleError
FNDA:1,TodosController.getTodos
FNDA:2,TodosController.getTodoById
FNDA:3,TodosController.createTodo
FNDA:3,TodosController.updateTodo
FNDA:2,TodosController.deleteTodo
DA:1,1
DA:2,1
DA:3,1
DA:4,1
DA:5,1
DA:6,1
DA:7,1
DA:8,1
DA:9,1
DA:10,1
DA:11,1
DA:12,1
DA:13,1
DA:14,1
DA:15,1
DA:16,1
DA:17,1
DA:18,3
DA:19,3
DA:20,3
DA:21,3
DA:22,0
DA:23,0
DA:24,0
DA:25,1
DA:26,1
DA:27,1
DA:28,1
DA:29,1
DA:30,1
DA:31,1
DA:32,1
DA:33,1
DA:34,2
DA:35,2
DA:36,0
DA:37,0
DA:38,2
DA:39,2
DA:40,2
DA:41,2
DA:42,2
DA:43,1
DA:44,1
DA:45,1
DA:46,3
DA:47,3
DA:48,3
DA:49,3
DA:50,1
DA:51,1
DA:52,1
DA:53,1
DA:54,1
DA:55,1
DA:56,1
DA:57,1
DA:58,3
DA:59,3
DA:60,3
DA:61,3
DA:62,3
DA:63,0
DA:64,0
DA:65,3
DA:66,3
DA:67,3
DA:68,3
DA:69,3
DA:70,1
DA:71,1
DA:72,1
DA:73,2
DA:74,2
DA:75,0
DA:76,0
DA:77,2
DA:78,2
DA:79,2
DA:80,2
DA:81,2
DA:82,1
DA:83,1
LF:83
LH:74
BRDA:15,0,0,2
BRDA:17,1,0,3
BRDA:22,2,0,0
BRDA:27,3,0,1
BRDA:30,4,0,1
BRDA:33,5,0,2
BRDA:35,6,0,0
BRDA:41,7,0,1
BRDA:42,8,0,1
BRDA:45,9,0,3
BRDA:49,10,0,2
BRDA:50,11,0,1
BRDA:53,12,0,1
BRDA:57,13,0,3
BRDA:62,14,0,0
BRDA:68,15,0,2
BRDA:69,16,0,1
BRDA:72,17,0,2
BRDA:74,18,0,0
BRDA:80,19,0,1
BRDA:81,20,0,1
BRF:21
BRH:17
end_of_record
TN:
SF:src/presentation/todos/routes.ts
FN:7,get routes
FNF:1
FNH:1
FNDA:2,get routes
DA:1,1
DA:2,1
DA:3,1
DA:4,1
DA:5,1
DA:6,1
DA:7,1
DA:8,2
DA:9,2
DA:10,2
DA:11,2
DA:12,2
DA:13,2
DA:14,2
DA:15,2
DA:16,2
DA:17,2
DA:18,2
DA:19,2
DA:20,2
DA:21,2
DA:22,2
DA:23,2
DA:24,2
DA:25,2
DA:26,1
LF:26
LH:26
BRDA:7,0,0,2
BRF:1
BRH:1
end_of_record
TN:
SF:tests/test-server.ts
FNF:0
FNH:0
DA:1,1
DA:2,1
DA:3,1
DA:4,1
DA:5,1
DA:6,1
DA:7,1
DA:8,1
DA:9,1
DA:10,1
LF:10
LH:10
BRF:0
BRH:0
end_of_record
